{"/home/roni/projects/react-calculator/src/App.jsx": {"path":"/home/roni/projects/react-calculator/src/App.jsx","all":false,"statementMap":{"0":{"start":{"line":1,"column":0},"end":{"line":1,"column":42}},"1":{"start":{"line":2,"column":0},"end":{"line":2,"column":0}},"2":{"start":{"line":3,"column":0},"end":{"line":3,"column":38}},"3":{"start":{"line":4,"column":0},"end":{"line":4,"column":0}},"4":{"start":{"line":5,"column":0},"end":{"line":5,"column":63}},"5":{"start":{"line":6,"column":0},"end":{"line":6,"column":0}},"6":{"start":{"line":7,"column":0},"end":{"line":7,"column":51}},"7":{"start":{"line":8,"column":0},"end":{"line":8,"column":0}},"8":{"start":{"line":9,"column":0},"end":{"line":9,"column":60}},"9":{"start":{"line":10,"column":0},"end":{"line":10,"column":0}},"10":{"start":{"line":11,"column":0},"end":{"line":11,"column":29}},"11":{"start":{"line":12,"column":0},"end":{"line":12,"column":21}},"12":{"start":{"line":13,"column":0},"end":{"line":13,"column":23}},"13":{"start":{"line":14,"column":0},"end":{"line":14,"column":18}},"14":{"start":{"line":15,"column":0},"end":{"line":15,"column":2}},"15":{"start":{"line":16,"column":0},"end":{"line":16,"column":0}},"16":{"start":{"line":17,"column":0},"end":{"line":17,"column":18}},"17":{"start":{"line":18,"column":0},"end":{"line":18,"column":16}},"18":{"start":{"line":19,"column":0},"end":{"line":19,"column":99}},"19":{"start":{"line":20,"column":0},"end":{"line":20,"column":0}},"20":{"start":{"line":21,"column":0},"end":{"line":21,"column":0}},"21":{"start":{"line":22,"column":0},"end":{"line":22,"column":10}},"22":{"start":{"line":23,"column":0},"end":{"line":23,"column":6}},"23":{"start":{"line":24,"column":0},"end":{"line":24,"column":43}},"24":{"start":{"line":25,"column":0},"end":{"line":25,"column":44}},"25":{"start":{"line":26,"column":0},"end":{"line":26,"column":0}},"26":{"start":{"line":27,"column":0},"end":{"line":27,"column":61}},"27":{"start":{"line":28,"column":0},"end":{"line":28,"column":74}},"28":{"start":{"line":29,"column":0},"end":{"line":29,"column":42}},"29":{"start":{"line":30,"column":0},"end":{"line":30,"column":19}},"30":{"start":{"line":31,"column":0},"end":{"line":31,"column":72}},"31":{"start":{"line":32,"column":0},"end":{"line":32,"column":31}},"32":{"start":{"line":33,"column":0},"end":{"line":33,"column":19}},"33":{"start":{"line":34,"column":0},"end":{"line":34,"column":16}},"34":{"start":{"line":35,"column":0},"end":{"line":35,"column":0}},"35":{"start":{"line":36,"column":0},"end":{"line":36,"column":104}},"36":{"start":{"line":37,"column":0},"end":{"line":37,"column":102}},"37":{"start":{"line":38,"column":0},"end":{"line":38,"column":111}},"38":{"start":{"line":39,"column":0},"end":{"line":39,"column":0}},"39":{"start":{"line":40,"column":0},"end":{"line":40,"column":103}},"40":{"start":{"line":41,"column":0},"end":{"line":41,"column":103}},"41":{"start":{"line":42,"column":0},"end":{"line":42,"column":103}},"42":{"start":{"line":43,"column":0},"end":{"line":43,"column":111}},"43":{"start":{"line":44,"column":0},"end":{"line":44,"column":0}},"44":{"start":{"line":45,"column":0},"end":{"line":45,"column":103}},"45":{"start":{"line":46,"column":0},"end":{"line":46,"column":103}},"46":{"start":{"line":47,"column":0},"end":{"line":47,"column":103}},"47":{"start":{"line":48,"column":0},"end":{"line":48,"column":111}},"48":{"start":{"line":49,"column":0},"end":{"line":49,"column":0}},"49":{"start":{"line":50,"column":0},"end":{"line":50,"column":103}},"50":{"start":{"line":51,"column":0},"end":{"line":51,"column":103}},"51":{"start":{"line":52,"column":0},"end":{"line":52,"column":103}},"52":{"start":{"line":53,"column":0},"end":{"line":53,"column":106}},"53":{"start":{"line":54,"column":0},"end":{"line":54,"column":0}},"54":{"start":{"line":55,"column":0},"end":{"line":55,"column":106}},"55":{"start":{"line":56,"column":0},"end":{"line":56,"column":103}},"56":{"start":{"line":57,"column":0},"end":{"line":57,"column":97}},"57":{"start":{"line":58,"column":0},"end":{"line":58,"column":108}},"58":{"start":{"line":59,"column":0},"end":{"line":59,"column":15}},"59":{"start":{"line":60,"column":0},"end":{"line":60,"column":0}},"60":{"start":{"line":61,"column":0},"end":{"line":61,"column":98}},"61":{"start":{"line":62,"column":0},"end":{"line":62,"column":12}},"62":{"start":{"line":63,"column":0},"end":{"line":63,"column":0}},"63":{"start":{"line":64,"column":0},"end":{"line":64,"column":6}},"64":{"start":{"line":65,"column":0},"end":{"line":65,"column":7}},"65":{"start":{"line":66,"column":0},"end":{"line":66,"column":3}},"66":{"start":{"line":67,"column":0},"end":{"line":67,"column":1}},"67":{"start":{"line":68,"column":0},"end":{"line":68,"column":0}},"68":{"start":{"line":69,"column":0},"end":{"line":69,"column":19}}},"s":{"0":1,"1":1,"2":1,"3":1,"4":1,"5":1,"6":1,"7":1,"8":1,"9":1,"10":1,"11":1,"12":1,"13":1,"14":1,"15":1,"16":1,"17":6,"18":6,"19":6,"20":6,"21":6,"22":6,"23":6,"24":6,"25":6,"26":6,"27":6,"28":6,"29":6,"30":6,"31":6,"32":6,"33":6,"34":6,"35":6,"36":6,"37":6,"38":6,"39":6,"40":6,"41":6,"42":6,"43":6,"44":6,"45":6,"46":6,"47":6,"48":6,"49":6,"50":6,"51":6,"52":6,"53":6,"54":6,"55":6,"56":6,"57":6,"58":6,"59":6,"60":6,"61":6,"62":6,"63":6,"64":6,"65":6,"66":6,"67":1,"68":1},"branchMap":{"0":{"type":"branch","line":18,"loc":{"start":{"line":18,"column":0},"end":{"line":67,"column":1}},"locations":[{"start":{"line":18,"column":0},"end":{"line":67,"column":1}}]}},"b":{"0":[6]},"fnMap":{"0":{"name":"get","decl":{"start":{"line":11,"column":28},"end":{"line":11,"column":29}},"loc":{"start":{"line":11,"column":28},"end":{"line":11,"column":29}},"line":11},"1":{"name":"App","decl":{"start":{"line":18,"column":0},"end":{"line":67,"column":1}},"loc":{"start":{"line":18,"column":0},"end":{"line":67,"column":1}},"line":18}},"f":{"0":0,"1":6}}
,"/home/roni/projects/react-calculator/src/actions/calculatorActions.js": {"path":"/home/roni/projects/react-calculator/src/actions/calculatorActions.js","all":false,"statementMap":{"0":{"start":{"line":1,"column":0},"end":{"line":1,"column":30}},"1":{"start":{"line":2,"column":0},"end":{"line":2,"column":27}},"2":{"start":{"line":3,"column":0},"end":{"line":3,"column":15}},"3":{"start":{"line":4,"column":0},"end":{"line":4,"column":21}},"4":{"start":{"line":5,"column":0},"end":{"line":5,"column":27}},"5":{"start":{"line":6,"column":0},"end":{"line":6,"column":33}},"6":{"start":{"line":7,"column":0},"end":{"line":7,"column":43}},"7":{"start":{"line":8,"column":0},"end":{"line":8,"column":47}},"8":{"start":{"line":9,"column":0},"end":{"line":9,"column":43}},"9":{"start":{"line":10,"column":0},"end":{"line":10,"column":43}},"10":{"start":{"line":11,"column":0},"end":{"line":11,"column":37}},"11":{"start":{"line":12,"column":0},"end":{"line":12,"column":27}},"12":{"start":{"line":13,"column":0},"end":{"line":13,"column":3}}},"s":{"0":1,"1":1,"2":1,"3":1,"4":1,"5":1,"6":1,"7":1,"8":1,"9":1,"10":1,"11":1,"12":1},"branchMap":{},"b":{},"fnMap":{},"f":{}}
,"/home/roni/projects/react-calculator/src/components/CalculatorButtons/index.jsx": {"path":"/home/roni/projects/react-calculator/src/components/CalculatorButtons/index.jsx","all":false,"statementMap":{"0":{"start":{"line":1,"column":0},"end":{"line":1,"column":44}},"1":{"start":{"line":2,"column":0},"end":{"line":2,"column":0}},"2":{"start":{"line":3,"column":0},"end":{"line":3,"column":0}},"3":{"start":{"line":4,"column":0},"end":{"line":4,"column":71}},"4":{"start":{"line":5,"column":0},"end":{"line":5,"column":0}},"5":{"start":{"line":6,"column":0},"end":{"line":6,"column":10}},"6":{"start":{"line":7,"column":0},"end":{"line":7,"column":123}},"7":{"start":{"line":8,"column":0},"end":{"line":8,"column":3}},"8":{"start":{"line":9,"column":0},"end":{"line":9,"column":1}}},"s":{"0":1,"1":1,"2":1,"3":114,"4":114,"5":114,"6":114,"7":114,"8":114},"branchMap":{"0":{"type":"branch","line":4,"loc":{"start":{"line":4,"column":0},"end":{"line":9,"column":1}},"locations":[{"start":{"line":4,"column":0},"end":{"line":9,"column":1}}]},"1":{"type":"branch","line":7,"loc":{"start":{"line":7,"column":21},"end":{"line":7,"column":36}},"locations":[{"start":{"line":7,"column":21},"end":{"line":7,"column":36}}]}},"b":{"0":[114],"1":[4]},"fnMap":{"0":{"name":"CalculatorButtons","decl":{"start":{"line":4,"column":0},"end":{"line":9,"column":1}},"loc":{"start":{"line":4,"column":0},"end":{"line":9,"column":1}},"line":4},"1":{"name":"onClick","decl":{"start":{"line":7,"column":21},"end":{"line":7,"column":36}},"loc":{"start":{"line":7,"column":21},"end":{"line":7,"column":36}},"line":7}},"f":{"0":114,"1":4}}
,"/home/roni/projects/react-calculator/src/reducers/calculatorReducer.js": {"path":"/home/roni/projects/react-calculator/src/reducers/calculatorReducer.js","all":false,"statementMap":{"0":{"start":{"line":1,"column":0},"end":{"line":1,"column":60}},"1":{"start":{"line":2,"column":0},"end":{"line":2,"column":0}},"2":{"start":{"line":3,"column":0},"end":{"line":3,"column":37}},"3":{"start":{"line":4,"column":0},"end":{"line":4,"column":0}},"4":{"start":{"line":5,"column":0},"end":{"line":5,"column":58}},"5":{"start":{"line":6,"column":0},"end":{"line":6,"column":0}},"6":{"start":{"line":7,"column":0},"end":{"line":7,"column":52}},"7":{"start":{"line":8,"column":0},"end":{"line":8,"column":47}},"8":{"start":{"line":9,"column":0},"end":{"line":9,"column":2}},"9":{"start":{"line":10,"column":0},"end":{"line":10,"column":120}},"10":{"start":{"line":11,"column":0},"end":{"line":11,"column":2}},"11":{"start":{"line":12,"column":0},"end":{"line":12,"column":126}},"12":{"start":{"line":13,"column":0},"end":{"line":13,"column":2}},"13":{"start":{"line":14,"column":0},"end":{"line":14,"column":130}},"14":{"start":{"line":15,"column":0},"end":{"line":15,"column":2}},"15":{"start":{"line":16,"column":0},"end":{"line":16,"column":115}},"16":{"start":{"line":17,"column":0},"end":{"line":17,"column":5}},"17":{"start":{"line":18,"column":0},"end":{"line":18,"column":2}},"18":{"start":{"line":19,"column":0},"end":{"line":19,"column":39}},"19":{"start":{"line":20,"column":0},"end":{"line":20,"column":46}},"20":{"start":{"line":21,"column":0},"end":{"line":21,"column":23}},"21":{"start":{"line":22,"column":0},"end":{"line":22,"column":17}},"22":{"start":{"line":23,"column":0},"end":{"line":23,"column":75}},"23":{"start":{"line":24,"column":0},"end":{"line":24,"column":8}},"24":{"start":{"line":25,"column":0},"end":{"line":25,"column":17}},"25":{"start":{"line":26,"column":0},"end":{"line":26,"column":75}},"26":{"start":{"line":27,"column":0},"end":{"line":27,"column":8}},"27":{"start":{"line":28,"column":0},"end":{"line":28,"column":17}},"28":{"start":{"line":29,"column":0},"end":{"line":29,"column":75}},"29":{"start":{"line":30,"column":0},"end":{"line":30,"column":8}},"30":{"start":{"line":31,"column":0},"end":{"line":31,"column":27}},"31":{"start":{"line":32,"column":0},"end":{"line":32,"column":75}},"32":{"start":{"line":33,"column":0},"end":{"line":33,"column":7}},"33":{"start":{"line":34,"column":0},"end":{"line":34,"column":5}},"34":{"start":{"line":35,"column":0},"end":{"line":35,"column":2}},"35":{"start":{"line":36,"column":0},"end":{"line":36,"column":2}},"36":{"start":{"line":37,"column":0},"end":{"line":37,"column":19}},"37":{"start":{"line":38,"column":0},"end":{"line":38,"column":2}},"38":{"start":{"line":39,"column":0},"end":{"line":39,"column":18}},"39":{"start":{"line":40,"column":0},"end":{"line":40,"column":35}},"40":{"start":{"line":41,"column":0},"end":{"line":41,"column":2}},"41":{"start":{"line":42,"column":0},"end":{"line":42,"column":108}},"42":{"start":{"line":43,"column":0},"end":{"line":43,"column":113}},"43":{"start":{"line":44,"column":0},"end":{"line":44,"column":2}},"44":{"start":{"line":45,"column":0},"end":{"line":45,"column":57}},"45":{"start":{"line":46,"column":0},"end":{"line":46,"column":2}},"46":{"start":{"line":47,"column":0},"end":{"line":47,"column":77}},"47":{"start":{"line":48,"column":0},"end":{"line":48,"column":8}},"48":{"start":{"line":49,"column":0},"end":{"line":49,"column":2}},"49":{"start":{"line":50,"column":0},"end":{"line":50,"column":128}},"50":{"start":{"line":51,"column":0},"end":{"line":51,"column":2}},"51":{"start":{"line":52,"column":0},"end":{"line":52,"column":23}},"52":{"start":{"line":53,"column":0},"end":{"line":53,"column":32}},"53":{"start":{"line":54,"column":0},"end":{"line":54,"column":107}},"54":{"start":{"line":55,"column":0},"end":{"line":55,"column":2}},"55":{"start":{"line":56,"column":0},"end":{"line":56,"column":83}},"56":{"start":{"line":57,"column":0},"end":{"line":57,"column":2}},"57":{"start":{"line":58,"column":0},"end":{"line":58,"column":73}},"58":{"start":{"line":59,"column":0},"end":{"line":59,"column":2}},"59":{"start":{"line":60,"column":0},"end":{"line":60,"column":25}},"60":{"start":{"line":61,"column":0},"end":{"line":61,"column":35}},"61":{"start":{"line":62,"column":0},"end":{"line":62,"column":27}},"62":{"start":{"line":63,"column":0},"end":{"line":63,"column":6}},"63":{"start":{"line":64,"column":0},"end":{"line":64,"column":17}},"64":{"start":{"line":65,"column":0},"end":{"line":65,"column":29}},"65":{"start":{"line":66,"column":0},"end":{"line":66,"column":59}},"66":{"start":{"line":67,"column":0},"end":{"line":67,"column":2}},"67":{"start":{"line":68,"column":0},"end":{"line":68,"column":82}},"68":{"start":{"line":69,"column":0},"end":{"line":69,"column":2}},"69":{"start":{"line":70,"column":0},"end":{"line":70,"column":22}},"70":{"start":{"line":71,"column":0},"end":{"line":71,"column":38}},"71":{"start":{"line":72,"column":0},"end":{"line":72,"column":39}},"72":{"start":{"line":73,"column":0},"end":{"line":73,"column":2}},"73":{"start":{"line":74,"column":0},"end":{"line":74,"column":27}},"74":{"start":{"line":75,"column":0},"end":{"line":75,"column":43}},"75":{"start":{"line":76,"column":0},"end":{"line":76,"column":39}},"76":{"start":{"line":77,"column":0},"end":{"line":77,"column":6}},"77":{"start":{"line":78,"column":0},"end":{"line":78,"column":27}},"78":{"start":{"line":79,"column":0},"end":{"line":79,"column":43}},"79":{"start":{"line":80,"column":0},"end":{"line":80,"column":39}},"80":{"start":{"line":81,"column":0},"end":{"line":81,"column":6}},"81":{"start":{"line":82,"column":0},"end":{"line":82,"column":27}},"82":{"start":{"line":83,"column":0},"end":{"line":83,"column":43}},"83":{"start":{"line":84,"column":0},"end":{"line":84,"column":39}},"84":{"start":{"line":85,"column":0},"end":{"line":85,"column":2}},"85":{"start":{"line":86,"column":0},"end":{"line":86,"column":24}},"86":{"start":{"line":87,"column":0},"end":{"line":87,"column":40}},"87":{"start":{"line":88,"column":0},"end":{"line":88,"column":76}},"88":{"start":{"line":89,"column":0},"end":{"line":89,"column":2}},"89":{"start":{"line":90,"column":0},"end":{"line":90,"column":80}},"90":{"start":{"line":91,"column":0},"end":{"line":91,"column":2}},"91":{"start":{"line":92,"column":0},"end":{"line":92,"column":175}},"92":{"start":{"line":93,"column":0},"end":{"line":93,"column":6}},"93":{"start":{"line":94,"column":0},"end":{"line":94,"column":26}},"94":{"start":{"line":95,"column":0},"end":{"line":95,"column":36}},"95":{"start":{"line":96,"column":0},"end":{"line":96,"column":53}},"96":{"start":{"line":97,"column":0},"end":{"line":97,"column":0}},"97":{"start":{"line":98,"column":0},"end":{"line":98,"column":109}},"98":{"start":{"line":99,"column":0},"end":{"line":99,"column":8}},"99":{"start":{"line":100,"column":0},"end":{"line":100,"column":67}},"100":{"start":{"line":101,"column":0},"end":{"line":101,"column":5}},"101":{"start":{"line":102,"column":0},"end":{"line":102,"column":2}},"102":{"start":{"line":103,"column":0},"end":{"line":103,"column":4}},"103":{"start":{"line":104,"column":0},"end":{"line":104,"column":3}}},"s":{"0":1,"1":1,"2":1,"3":1,"4":1,"5":4,"6":4,"7":4,"8":1,"9":1,"10":1,"11":1,"12":0,"13":1,"14":0,"15":0,"16":1,"17":4,"18":4,"19":4,"20":1,"21":1,"22":1,"23":1,"24":1,"25":0,"26":1,"27":1,"28":0,"29":1,"30":1,"31":0,"32":1,"33":1,"34":4,"35":4,"36":4,"37":4,"38":4,"39":4,"40":2,"41":2,"42":2,"43":2,"44":2,"45":2,"46":2,"47":2,"48":2,"49":2,"50":4,"51":4,"52":4,"53":0,"54":0,"55":0,"56":0,"57":0,"58":4,"59":4,"60":4,"61":0,"62":4,"63":4,"64":4,"65":0,"66":0,"67":0,"68":4,"69":4,"70":4,"71":1,"72":4,"73":4,"74":4,"75":0,"76":4,"77":4,"78":4,"79":0,"80":4,"81":4,"82":4,"83":0,"84":4,"85":4,"86":4,"87":1,"88":1,"89":1,"90":1,"91":1,"92":4,"93":4,"94":4,"95":0,"96":0,"97":0,"98":0,"99":0,"100":4,"101":4,"102":4,"103":4},"branchMap":{"0":{"type":"branch","line":5,"loc":{"start":{"line":5,"column":15},"end":{"line":104,"column":3}},"locations":[{"start":{"line":5,"column":15},"end":{"line":104,"column":3}}]},"1":{"type":"branch","line":40,"loc":{"start":{"line":40,"column":6},"end":{"line":50,"column":128}},"locations":[{"start":{"line":40,"column":6},"end":{"line":50,"column":128}}]},"2":{"type":"branch","line":43,"loc":{"start":{"line":43,"column":37},"end":{"line":43,"column":113}},"locations":[{"start":{"line":43,"column":37},"end":{"line":43,"column":113}}]},"3":{"type":"branch","line":45,"loc":{"start":{"line":45,"column":45},"end":{"line":45,"column":57}},"locations":[{"start":{"line":45,"column":45},"end":{"line":45,"column":57}}]},"4":{"type":"branch","line":47,"loc":{"start":{"line":47,"column":33},"end":{"line":47,"column":63}},"locations":[{"start":{"line":47,"column":33},"end":{"line":47,"column":63}}]},"5":{"type":"branch","line":47,"loc":{"start":{"line":47,"column":65},"end":{"line":47,"column":77}},"locations":[{"start":{"line":47,"column":65},"end":{"line":47,"column":77}}]},"6":{"type":"branch","line":50,"loc":{"start":{"line":50,"column":85},"end":{"line":50,"column":127}},"locations":[{"start":{"line":50,"column":85},"end":{"line":50,"column":127}}]},"7":{"type":"branch","line":53,"loc":{"start":{"line":53,"column":6},"end":{"line":58,"column":73}},"locations":[{"start":{"line":53,"column":6},"end":{"line":58,"column":73}}]},"8":{"type":"branch","line":61,"loc":{"start":{"line":61,"column":6},"end":{"line":62,"column":27}},"locations":[{"start":{"line":61,"column":6},"end":{"line":62,"column":27}}]},"9":{"type":"branch","line":65,"loc":{"start":{"line":65,"column":6},"end":{"line":68,"column":82}},"locations":[{"start":{"line":65,"column":6},"end":{"line":68,"column":82}}]},"10":{"type":"branch","line":71,"loc":{"start":{"line":71,"column":6},"end":{"line":72,"column":39}},"locations":[{"start":{"line":71,"column":6},"end":{"line":72,"column":39}}]},"11":{"type":"branch","line":75,"loc":{"start":{"line":75,"column":6},"end":{"line":76,"column":39}},"locations":[{"start":{"line":75,"column":6},"end":{"line":76,"column":39}}]},"12":{"type":"branch","line":79,"loc":{"start":{"line":79,"column":6},"end":{"line":80,"column":39}},"locations":[{"start":{"line":79,"column":6},"end":{"line":80,"column":39}}]},"13":{"type":"branch","line":83,"loc":{"start":{"line":83,"column":6},"end":{"line":84,"column":39}},"locations":[{"start":{"line":83,"column":6},"end":{"line":84,"column":39}}]},"14":{"type":"branch","line":87,"loc":{"start":{"line":87,"column":6},"end":{"line":92,"column":175}},"locations":[{"start":{"line":87,"column":6},"end":{"line":92,"column":175}}]},"15":{"type":"branch","line":88,"loc":{"start":{"line":88,"column":64},"end":{"line":88,"column":76}},"locations":[{"start":{"line":88,"column":64},"end":{"line":88,"column":76}}]},"16":{"type":"branch","line":90,"loc":{"start":{"line":90,"column":36},"end":{"line":90,"column":66}},"locations":[{"start":{"line":90,"column":36},"end":{"line":90,"column":66}}]},"17":{"type":"branch","line":90,"loc":{"start":{"line":90,"column":68},"end":{"line":90,"column":80}},"locations":[{"start":{"line":90,"column":68},"end":{"line":90,"column":80}}]},"18":{"type":"branch","line":95,"loc":{"start":{"line":95,"column":6},"end":{"line":100,"column":67}},"locations":[{"start":{"line":95,"column":6},"end":{"line":100,"column":67}}]},"19":{"type":"branch","line":8,"loc":{"start":{"line":8,"column":32},"end":{"line":17,"column":5}},"locations":[{"start":{"line":8,"column":32},"end":{"line":17,"column":5}}]},"20":{"type":"branch","line":10,"loc":{"start":{"line":10,"column":35},"end":{"line":10,"column":120}},"locations":[{"start":{"line":10,"column":35},"end":{"line":10,"column":120}}]},"21":{"type":"branch","line":13,"loc":{"start":{"line":13,"column":-1},"end":{"line":14,"column":64}},"locations":[{"start":{"line":13,"column":-1},"end":{"line":14,"column":64}}]},"22":{"type":"branch","line":14,"loc":{"start":{"line":14,"column":66},"end":{"line":17,"column":4}},"locations":[{"start":{"line":14,"column":66},"end":{"line":17,"column":4}}]},"23":{"type":"branch","line":20,"loc":{"start":{"line":20,"column":31},"end":{"line":34,"column":5}},"locations":[{"start":{"line":20,"column":31},"end":{"line":34,"column":5}}]},"24":{"type":"branch","line":25,"loc":{"start":{"line":25,"column":8},"end":{"line":26,"column":75}},"locations":[{"start":{"line":25,"column":8},"end":{"line":26,"column":75}}]},"25":{"type":"branch","line":28,"loc":{"start":{"line":28,"column":8},"end":{"line":29,"column":75}},"locations":[{"start":{"line":28,"column":8},"end":{"line":29,"column":75}}]},"26":{"type":"branch","line":31,"loc":{"start":{"line":31,"column":8},"end":{"line":32,"column":75}},"locations":[{"start":{"line":31,"column":8},"end":{"line":32,"column":75}}]}},"b":{"0":[4],"1":[2],"2":[0],"3":[0],"4":[0],"5":[0],"6":[0],"7":[0],"8":[0],"9":[0],"10":[1],"11":[0],"12":[0],"13":[0],"14":[1],"15":[0],"16":[0],"17":[0],"18":[0],"19":[1],"20":[0],"21":[0],"22":[0],"23":[1],"24":[0],"25":[0],"26":[0]},"fnMap":{"0":{"name":"reducer","decl":{"start":{"line":5,"column":15},"end":{"line":104,"column":3}},"loc":{"start":{"line":5,"column":15},"end":{"line":104,"column":3}},"line":5},"1":{"name":"makeLogicOperations","decl":{"start":{"line":8,"column":32},"end":{"line":17,"column":5}},"loc":{"start":{"line":8,"column":32},"end":{"line":17,"column":5}},"line":8},"2":{"name":"makeMathOperations","decl":{"start":{"line":20,"column":31},"end":{"line":34,"column":5}},"loc":{"start":{"line":20,"column":31},"end":{"line":34,"column":5}},"line":20}},"f":{"0":4,"1":1,"2":1}}
}
